#
# A fatal error has been detected by the Java Runtime Environment:
#
#  SIGSEGV (0xb) at pc=0x0000000107278249, pid=38193, tid=0x0000000000003603
#
# JRE version: Java(TM) SE Runtime Environment (8.0_161-b12) (build 1.8.0_161-b12)
# Java VM: Java HotSpot(TM) 64-Bit Server VM (25.161-b12 mixed mode bsd-amd64 compressed oops)
# Problematic frame:
# V  [libjvm.dylib+0x278249]  STWGCTimer::register_gc_start(Ticks const&)+0xb
#
# Failed to write core dump. Core dumps have been disabled. To enable core dumping, try "ulimit -c unlimited" before starting Java again
#
# If you would like to submit a bug report, please visit:
#   http://bugreport.java.com/bugreport/crash.jsp
#

---------------  T H R E A D  ---------------

Current thread (0x00007fbf41009800):  VMThread [stack: 0x0000700007ccc000,0x0000700007dcc000] [id=13827]

siginfo: si_signo: 11 (SIGSEGV), si_code: 1 (SEGV_MAPERR), si_addr: 0x0000000000000000

Registers:
RAX=0x0000000000000000, RBX=0x000000010790d448, RCX=0x000116495012f995, RDX=0x0000700007dcb9b8
RSP=0x0000700007dcb630, RBP=0x0000700007dcb630, RSI=0x0000700007dcb9b8, RDI=0x00000001078f7b30
R8 =0x00000000000000e5, R9 =0x0000000000000400, R10=0x0000000000002000, R11=0x0000000000000246
R12=0x000000000000000c, R13=0x0000000000003600, R14=0x00007fbf3d600e90, R15=0x00007fbf3d6024f0
RIP=0x0000000107278249, EFLAGS=0x0000000000010206, ERR=0x0000000000000006
  TRAPNO=0x000000000000000e

Top of Stack: (sp=0x0000700007dcb630)
0x0000700007dcb630:   0000700007dcbac0 00000001074cbb50
0x0000700007dcb640:   0000700007dcb800 000000010749f9d9
0x0000700007dcb650:   0000000000000000 0000000000000000
0x0000700007dcb660:   00000006c0000000 580000070c700000
0x0000700007dcb670:   0000700008ae0030 0000700008aeea34
0x0000700007dcb680:   0000003000000010 0000700007dcbc30
0x0000700007dcb690:   0000700007dcbb50 00000006c0000000
0x0000700007dcb6a0:   00000006c8380000 0000000002d5cc20
0x0000700007dcb6b0:   0000003000000010 0000000000000000
0x0000700007dcb6c0:   0000700007dcbb40 0000000107279538
0x0000700007dcb6d0:   00007fbf424c0028 0000700007dcb780
0x0000700007dcb6e0:   0000003000000010 0000700007dcbc50
0x0000700007dcb6f0:   0000700007dcbb70 0000700008aeea54
0x0000700007dcb700:   0000000000000000 0000000000000000
0x0000700007dcb710:   1db6bc0c2af50087 1db6bc0c2af50087
0x0000700007dcb720:   00007fffb93e36b8 000000010761a7d8
0x0000700007dcb730:   ffffffffffffffff 0000700007dcb848
0x0000700007dcb740:   0000700007dcb830 00007fffb058e423
0x0000700007dcb750:   00000001078f7970 0000700007dcbb48
0x0000700007dcb760:   0000700007dcb780 00000001072796dc
0x0000700007dcb770:   0000700008aeea70 0000700008aeea74
0x0000700007dcb780:   0000700007dcb7e0 00000001072790ab
0x0000700007dcb790:   0000000000000000 0000000000000000
0x0000700007dcb7a0:   0000000000000000 00000001072789d0
0x0000700007dcb7b0:   0000700008aeea80 0000700008aeea84
0x0000700007dcb7c0:   0000700007dcb7e0 0000000107278a1c
0x0000700007dcb7d0:   1db6bc0c2af50087 1db6bc0c2af50087
0x0000700007dcb7e0:   00007fffb93e36b8 000000010761a7d8
0x0000700007dcb7f0:   ffffffffffffffff 0000700007dcb908
0x0000700007dcb800:   1db6bc0c2af50087 00007fbf3f803790
0x0000700007dcb810:   00000000000000ff 0000000000003600
0x0000700007dcb820:   1db6bc0c2af50087 0000000000000100 

Instructions: (pc=0x0000000107278249)
0x0000000107278229:   28 5d e9 90 ff ff ff 55 48 89 e5 48 83 c7 28 5d
0x0000000107278239:   e9 82 ff ff ff 55 48 89 e5 48 89 f2 48 8b 47 28
0x0000000107278249:   c7 00 00 00 00 00 c7 47 44 00 00 00 00 48 c7 47
0x0000000107278259:   48 00 00 00 00 48 c7 47 50 00 00 00 00 48 c7 47 

Register to memory mapping:

RAX=0x0000000000000000 is an unknown value
RBX=0x000000010790d448: _ZN8Universe14_collectedHeapE+0 in /Library/Java/JavaVirtualMachines/jdk1.8.0_161.jdk/Contents/Home/jre/lib/server/libjvm.dylib at 0x0000000107000000
RCX=0x000116495012f995 is an unknown value
RDX=0x0000700007dcb9b8 is an unknown value
RSP=0x0000700007dcb630 is an unknown value
RBP=0x0000700007dcb630 is an unknown value
RSI=0x0000700007dcb9b8 is an unknown value
RDI=0x00000001078f7b30: _ZN10PSScavenge9_gc_timerE+0 in /Library/Java/JavaVirtualMachines/jdk1.8.0_161.jdk/Contents/Home/jre/lib/server/libjvm.dylib at 0x0000000107000000
R8 =0x00000000000000e5 is an unknown value
R9 =0x0000000000000400 is an unknown value
R10=0x0000000000002000 is an unknown value
R11=0x0000000000000246 is an unknown value
R12=0x000000000000000c is an unknown value
R13=0x0000000000003600 is an unknown value
R14=0x00007fbf3d600e90 is an unknown value
R15=0x00007fbf3d6024f0 is an unknown value


Stack: [0x0000700007ccc000,0x0000700007dcc000],  sp=0x0000700007dcb630,  free space=1021k
Native frames: (J=compiled Java code, j=interpreted, Vv=VM code, C=native code)
V  [libjvm.dylib+0x278249]  STWGCTimer::register_gc_start(Ticks const&)+0xb
V  [libjvm.dylib+0x4cbb50]  PSScavenge::invoke_no_policy()+0x3a
V  [libjvm.dylib+0x4ccdf8]  PSScavenge::invoke()+0x32
V  [libjvm.dylib+0x49fc21]  ParallelScavengeHeap::failed_mem_allocate(unsigned long)+0x27
V  [libjvm.dylib+0x5b5ffc]  VM_ParallelGCFailedAllocation::doit()+0x4a
V  [libjvm.dylib+0x5bc891]  VM_Operation::evaluate()+0x4f
V  [libjvm.dylib+0x5bae29]  VMThread::evaluate_operation(VM_Operation*)+0xdf
V  [libjvm.dylib+0x5bb276]  VMThread::loop()+0x328
V  [libjvm.dylib+0x5bab95]  VMThread::run()+0x79
V  [libjvm.dylib+0x48d83a]  java_start(Thread*)+0xf6
C  [libsystem_pthread.dylib+0x393b]  _pthread_body+0xb4
C  [libsystem_pthread.dylib+0x3887]  _pthread_body+0x0
C  [libsystem_pthread.dylib+0x308d]  thread_start+0xd

VM_Operation (0x00007000083dd438): ParallelGCFailedAllocation, mode: safepoint, requested by thread 0x00007fbf3f81a000


---------------  P R O C E S S  ---------------

Java Threads: ( => current thread )
  0x00007fbf3f81a000 JavaThread "SIGTERM handler" daemon [_thread_blocked, id=20743, stack(0x00007000082de000,0x00007000083de000)]
  0x00007fbf48580000 JavaThread "http-nio-8080-exec-9" daemon [_thread_blocked, id=32575, stack(0x0000700009d2c000,0x0000700009e2c000)]
  0x00007fbf4908d000 JavaThread "http-nio-8080-exec-10" daemon [_thread_blocked, id=32831, stack(0x0000700009c29000,0x0000700009d29000)]
  0x00007fbf497b8800 JavaThread "http-nio-8080-exec-8" daemon [_thread_blocked, id=29463, stack(0x0000700009b26000,0x0000700009c26000)]
  0x00007fbf48330800 JavaThread "http-nio-8080-exec-7" daemon [_thread_blocked, id=32315, stack(0x0000700009a23000,0x0000700009b23000)]
  0x00007fbf4819e800 JavaThread "http-nio-8080-exec-6" daemon [_thread_blocked, id=27203, stack(0x0000700009920000,0x0000700009a20000)]
  0x00007fbf40d28000 JavaThread "http-nio-8080-exec-5" daemon [_thread_blocked, id=28219, stack(0x000070000981d000,0x000070000991d000)]
  0x00007fbf3f0a5000 JavaThread "http-nio-8080-exec-4" daemon [_thread_blocked, id=24899, stack(0x000070000971a000,0x000070000981a000)]
  0x00007fbf47ff2800 JavaThread "http-nio-8080-exec-3" daemon [_thread_blocked, id=31003, stack(0x0000700008af6000,0x0000700008bf6000)]
  0x00007fbf470cc000 JavaThread "http-nio-8080-exec-2" daemon [_thread_blocked, id=25127, stack(0x00007000089f3000,0x0000700008af3000)]
  0x00007fbf402bd000 JavaThread "http-nio-8080-exec-1" daemon [_thread_blocked, id=24651, stack(0x00007000072ab000,0x00007000073ab000)]
  0x00007fbf41859800 JavaThread "http-nio-8080-AsyncTimeout" daemon [_thread_blocked, id=29207, stack(0x0000700009617000,0x0000700009717000)]
  0x00007fbf3e455800 JavaThread "http-nio-8080-Acceptor-0" daemon [_thread_in_native, id=25891, stack(0x0000700009514000,0x0000700009614000)]
  0x00007fbf3fa31000 JavaThread "http-nio-8080-ClientPoller-1" daemon [_thread_in_native, id=31299, stack(0x0000700009411000,0x0000700009511000)]
  0x00007fbf47b2d000 JavaThread "http-nio-8080-ClientPoller-0" daemon [_thread_in_native, id=30255, stack(0x000070000920b000,0x000070000930b000)]
  0x00007fbf47b2c000 JavaThread "NioBlockingSelector.BlockPoller-12" daemon [_thread_in_native, id=33847, stack(0x0000700009005000,0x0000700009105000)]
  0x00007fbf47404800 JavaThread "File Watcher" daemon [_thread_blocked, id=31807, stack(0x0000700008f02000,0x0000700009002000)]
  0x00007fbf4856b800 JavaThread "Tomcat JDBC Pool Cleaner[414493378:1529864686318]" daemon [_thread_blocked, id=26939, stack(0x0000700008dff000,0x0000700008eff000)]
  0x00007fbf412cb800 JavaThread "container-0" [_thread_blocked, id=26671, stack(0x0000700008cfc000,0x0000700008dfc000)]
  0x00007fbf47fef000 JavaThread "ContainerBackgroundProcessor[StandardEngine[Tomcat].StandardHost[localhost].StandardContext[/voting]]" daemon [_thread_blocked, id=34331, stack(0x0000700008bf9000,0x0000700008cf9000)]
  0x00007fbf48279000 JavaThread "DestroyJavaVM" [_thread_blocked, id=7427, stack(0x00007000073b1000,0x00007000074b1000)]
  0x00007fbf3f555000 JavaThread "Live Reload Server" daemon [_thread_in_native, id=27655, stack(0x000070000930e000,0x000070000940e000)]
  0x00007fbf42a29000 JavaThread "MySQL Statement Cancellation Timer" daemon [_thread_blocked, id=4359, stack(0x0000700009108000,0x0000700009208000)]
  0x00007fbf3f848800 JavaThread "Service Thread" daemon [_thread_blocked, id=23043, stack(0x00007000087ed000,0x00007000088ed000)]
  0x00007fbf3f81d000 JavaThread "C1 CompilerThread3" daemon [_thread_blocked, id=22531, stack(0x00007000086ea000,0x00007000087ea000)]
  0x00007fbf3f81c800 JavaThread "C2 CompilerThread2" daemon [_thread_blocked, id=22019, stack(0x00007000085e7000,0x00007000086e7000)]
  0x00007fbf3f81b800 JavaThread "C2 CompilerThread1" daemon [_thread_blocked, id=21507, stack(0x00007000084e4000,0x00007000085e4000)]
  0x00007fbf3d803800 JavaThread "C2 CompilerThread0" daemon [_thread_blocked, id=20995, stack(0x00007000083e1000,0x00007000084e1000)]
  0x00007fbf3d803000 JavaThread "JDWP Event Helper Thread" daemon [_thread_blocked, id=19971, stack(0x00007000081db000,0x00007000082db000)]
  0x00007fbf3f806800 JavaThread "JDWP Transport Listener: dt_socket" daemon [_thread_in_native, id=19459, stack(0x00007000080d8000,0x00007000081d8000)]
  0x00007fbf4101c800 JavaThread "Signal Dispatcher" daemon [_thread_blocked, id=18947, stack(0x0000700007fd5000,0x00007000080d5000)]
  0x00007fbf3e000000 JavaThread "Finalizer" daemon [_thread_blocked, id=14851, stack(0x0000700007ed2000,0x0000700007fd2000)]
  0x00007fbf4100e000 JavaThread "Reference Handler" daemon [_thread_blocked, id=14339, stack(0x0000700007dcf000,0x0000700007ecf000)]

Other Threads:
=>0x00007fbf41009800 VMThread [stack: 0x0000700007ccc000,0x0000700007dcc000] [id=13827]
  0x00007fbf3f819800 WatcherThread [stack: 0x00007000088f0000,0x00007000089f0000] [id=23555]

VM state:at safepoint (normal execution)

VM Mutex/Monitor currently owned by a thread:  ([mutex/lock_event])
[0x00007fbf3d703af0] Threads_lock - owner thread: 0x00007fbf41009800
[0x00007fbf3d703ff0] Heap_lock - owner thread: 0x00007fbf3f81a000

Heap:
 PSYoungGen      total 1117696K, used 1089024K [0x000000076ab00000, 0x00000007b0c80000, 0x00000007c0000000)
  eden space 1089024K, 100% used [0x000000076ab00000,0x00000007ad280000,0x00000007ad280000)
  from space 28672K, 0% used [0x00000007af080000,0x00000007af080000,0x00000007b0c80000)
  to   space 29696K, 0% used [0x00000007ad280000,0x00000007ad280000,0x00000007aef80000)
 ParOldGen       total 134656K, used 46451K [0x00000006c0000000, 0x00000006c8380000, 0x000000076ab00000)
  object space 134656K, 34% used [0x00000006c0000000,0x00000006c2d5cc20,0x00000006c8380000)
 Metaspace       used 64430K, capacity 66216K, committed 66432K, reserved 1107968K
  class space    used 7411K, capacity 7787K, committed 7808K, reserved 1048576K

Card table byte_map: [0x00000001083b9000,0x0000000108bba000] byte_map_base: 0x0000000104db9000

Marking Bits: (ParMarkBitMap*) 0x00000001078f76c0
 Begin Bits: [0x0000000109110000, 0x000000010d110000)
 End Bits:   [0x000000010d110000, 0x0000000111110000)

Polling page: 0x0000000105fc8000

CodeCache: size=245760Kb used=43651Kb max_used=43675Kb free=202108Kb
 bounds [0x0000000113416000, 0x0000000115f16000, 0x0000000122416000]
 total_blobs=9492 nmethods=8927 adapters=485
 compilation: enabled

Compilation events (10 events):
Event: 2177.671 Thread 0x00007fbf3f81b800 12205   !   4       org.apache.tomcat.jdbc.pool.ConnectionPool$PoolCleaner::run (125 bytes)
Event: 2178.623 Thread 0x00007fbf3f81b800 nmethod 12205 0x0000000115b94a90 code [0x0000000115b94c60, 0x0000000115b95148]
Event: 2807.745 Thread 0x00007fbf3d803800 12206       4       org.apache.catalina.webresources.Cache$EvictionOrder::compare (13 bytes)
Event: 2807.754 Thread 0x00007fbf3d803800 nmethod 12206 0x0000000115ed1750 code [0x0000000115ed18a0, 0x0000000115ed19b8]
Event: 2833.048 Thread 0x00007fbf3f81b800 12207   !   4       org.apache.tomcat.util.net.NioEndpoint$Poller::timeout (493 bytes)
Event: 2833.166 Thread 0x00007fbf3f81b800 nmethod 12207 0x0000000115ee73d0 code [0x0000000115ee76c0, 0x0000000115ee87c0]
Event: 2902.299 Thread 0x00007fbf3f81c800 12208       4       org.springframework.boot.devtools.filewatch.FileSystemWatcher$Watcher::isDifferent (105 bytes)
Event: 2902.411 Thread 0x00007fbf3f81c800 nmethod 12208 0x0000000115f01150 code [0x0000000115f015c0, 0x0000000115f04960]
Event: 3047.769 Thread 0x00007fbf3f81d000 12209       3       org.apache.catalina.LifecycleEvent::getLifecycle (8 bytes)
Event: 3047.771 Thread 0x00007fbf3f81d000 nmethod 12209 0x0000000115b93510 code [0x0000000115b93680, 0x0000000115b93970]

GC Heap History (10 events):
Event: 1384.934 GC heap before
{Heap before GC invocations=35 (full 11):
 PSYoungGen      total 850944K, used 850432K [0x000000076ab00000, 0x00000007a2280000, 0x00000007c0000000)
  eden space 850432K, 100% used [0x000000076ab00000,0x000000079e980000,0x000000079e980000)
  from space 512K, 0% used [0x000000079f980000,0x000000079f980000,0x000000079fa00000)
  to   space 29184K, 0% used [0x00000007a0600000,0x00000007a0600000,0x00000007a2280000)
 ParOldGen       total 134656K, used 33940K [0x00000006c0000000, 0x00000006c8380000, 0x000000076ab00000)
  object space 134656K, 25% used [0x00000006c0000000,0x00000006c2125270,0x00000006c8380000)
 Metaspace       used 63389K, capacity 65018K, committed 65152K, reserved 1105920K
  class space    used 7351K, capacity 7709K, committed 7808K, reserved 1048576K
Event: 1384.956 GC heap after
Heap after GC invocations=35 (full 11):
 PSYoungGen      total 877568K, used 21977K [0x000000076ab00000, 0x00000007b0f80000, 0x00000007c0000000)
  eden space 848384K, 0% used [0x000000076ab00000,0x000000076ab00000,0x000000079e780000)
  from space 29184K, 75% used [0x00000007a0600000,0x00000007a1b76728,0x00000007a2280000)
  to   space 31232K, 0% used [0x000000079e780000,0x000000079e780000,0x00000007a0600000)
 ParOldGen       total 134656K, used 33948K [0x00000006c0000000, 0x00000006c8380000, 0x000000076ab00000)
  object space 134656K, 25% used [0x00000006c0000000,0x00000006c2127270,0x00000006c8380000)
 Metaspace       used 63389K, capacity 65018K, committed 65152K, reserved 1105920K
  class space    used 7351K, capacity 7709K, committed 7808K, reserved 1048576K
}
Event: 1660.199 GC heap before
{Heap before GC invocations=36 (full 11):
 PSYoungGen      total 877568K, used 138031K [0x000000076ab00000, 0x00000007b0f80000, 0x00000007c0000000)
  eden space 848384K, 13% used [0x000000076ab00000,0x0000000771c558c0,0x000000079e780000)
  from space 29184K, 75% used [0x00000007a0600000,0x00000007a1b76728,0x00000007a2280000)
  to   space 31232K, 0% used [0x000000079e780000,0x000000079e780000,0x00000007a0600000)
 ParOldGen       total 134656K, used 33948K [0x00000006c0000000, 0x00000006c8380000, 0x000000076ab00000)
  object space 134656K, 25% used [0x00000006c0000000,0x00000006c2127270,0x00000006c8380000)
 Metaspace       used 63398K, capacity 65024K, committed 65152K, reserved 1105920K
  class space    used 7351K, capacity 7711K, committed 7808K, reserved 1048576K
Event: 1660.206 GC heap after
Heap after GC invocations=36 (full 11):
 PSYoungGen      total 879616K, used 5706K [0x000000076ab00000, 0x00000007b0e80000, 0x00000007c0000000)
  eden space 848384K, 0% used [0x000000076ab00000,0x000000076ab00000,0x000000079e780000)
  from space 31232K, 18% used [0x000000079e780000,0x000000079ed12960,0x00000007a0600000)
  to   space 30720K, 0% used [0x00000007af080000,0x00000007af080000,0x00000007b0e80000)
 ParOldGen       total 134656K, used 33956K [0x00000006c0000000, 0x00000006c8380000, 0x000000076ab00000)
  object space 134656K, 25% used [0x00000006c0000000,0x00000006c2129270,0x00000006c8380000)
 Metaspace       used 63398K, capacity 65024K, committed 65152K, reserved 1105920K
  class space    used 7351K, capacity 7711K, committed 7808K, reserved 1048576K
}
Event: 1660.206 GC heap before
{Heap before GC invocations=37 (full 12):
 PSYoungGen      total 879616K, used 5706K [0x000000076ab00000, 0x00000007b0e80000, 0x00000007c0000000)
  eden space 848384K, 0% used [0x000000076ab00000,0x000000076ab00000,0x000000079e780000)
  from space 31232K, 18% used [0x000000079e780000,0x000000079ed12960,0x00000007a0600000)
  to   space 30720K, 0% used [0x00000007af080000,0x00000007af080000,0x00000007b0e80000)
 ParOldGen       total 134656K, used 33956K [0x00000006c0000000, 0x00000006c8380000, 0x000000076ab00000)
  object space 134656K, 25% used [0x00000006c0000000,0x00000006c2129270,0x00000006c8380000)
 Metaspace       used 63398K, capacity 65024K, committed 65152K, reserved 1105920K
  class space    used 7351K, capacity 7711K, committed 7808K, reserved 1048576K
Event: 1660.425 GC heap after
Heap after GC invocations=37 (full 12):
 PSYoungGen      total 879616K, used 0K [0x000000076ab00000, 0x00000007b0e80000, 0x00000007c0000000)
  eden space 848384K, 0% used [0x000000076ab00000,0x000000076ab00000,0x000000079e780000)
  from space 31232K, 0% used [0x000000079e780000,0x000000079e780000,0x00000007a0600000)
  to   space 30720K, 0% used [0x00000007af080000,0x00000007af080000,0x00000007b0e80000)
 ParOldGen       total 134656K, used 35773K [0x00000006c0000000, 0x00000006c8380000, 0x000000076ab00000)
  object space 134656K, 26% used [0x00000006c0000000,0x00000006c22ef7e8,0x00000006c8380000)
 Metaspace       used 63359K, capacity 64926K, committed 65152K, reserved 1105920K
  class space    used 7348K, capacity 7703K, committed 7808K, reserved 1048576K
}
Event: 1756.373 GC heap before
{Heap before GC invocations=38 (full 12):
 PSYoungGen      total 879616K, used 681529K [0x000000076ab00000, 0x00000007b0e80000, 0x00000007c0000000)
  eden space 848384K, 80% used [0x000000076ab00000,0x000000079448e620,0x000000079e780000)
  from space 31232K, 0% used [0x000000079e780000,0x000000079e780000,0x00000007a0600000)
  to   space 30720K, 0% used [0x00000007af080000,0x00000007af080000,0x00000007b0e80000)
 ParOldGen       total 134656K, used 35773K [0x00000006c0000000, 0x00000006c8380000, 0x000000076ab00000)
  object space 134656K, 26% used [0x00000006c0000000,0x00000006c22ef7e8,0x00000006c8380000)
 Metaspace       used 64041K, capacity 65912K, committed 66176K, reserved 1107968K
  class space    used 7384K, capacity 7751K, committed 7808K, reserved 1048576K
Event: 1756.393 GC heap after
Heap after GC invocations=38 (full 12):
 PSYoungGen      total 1117696K, used 14974K [0x000000076ab00000, 0x00000007b0c80000, 0x00000007c0000000)
  eden space 1089024K, 0% used [0x000000076ab00000,0x000000076ab00000,0x00000007ad280000)
  from space 28672K, 52% used [0x00000007af080000,0x00000007aff1f908,0x00000007b0c80000)
  to   space 29696K, 0% used [0x00000007ad280000,0x00000007ad280000,0x00000007aef80000)
 ParOldGen       total 134656K, used 35781K [0x00000006c0000000, 0x00000006c8380000, 0x000000076ab00000)
  object space 134656K, 26% used [0x00000006c0000000,0x00000006c22f17e8,0x00000006c8380000)
 Metaspace       used 64041K, capacity 65912K, committed 66176K, reserved 1107968K
  class space    used 7384K, capacity 7751K, committed 7808K, reserved 1048576K
}
Event: 1756.393 GC heap before
{Heap before GC invocations=39 (full 13):
 PSYoungGen      total 1117696K, used 14974K [0x000000076ab00000, 0x00000007b0c80000, 0x00000007c0000000)
  eden space 1089024K, 0% used [0x000000076ab00000,0x000000076ab00000,0x00000007ad280000)
  from space 28672K, 52% used [0x00000007af080000,0x00000007aff1f908,0x00000007b0c80000)
  to   space 29696K, 0% used [0x00000007ad280000,0x00000007ad280000,0x00000007aef80000)
 ParOldGen       total 134656K, used 35781K [0x00000006c0000000, 0x00000006c8380000, 0x000000076ab00000)
  object space 134656K, 26% used [0x00000006c0000000,0x00000006c22f17e8,0x00000006c8380000)
 Metaspace       used 64041K, capacity 65912K, committed 66176K, reserved 1107968K
  class space    used 7384K, capacity 7751K, committed 7808K, reserved 1048576K
Event: 1756.599 GC heap after
Heap after GC invocations=39 (full 13):
 PSYoungGen      total 1117696K, used 0K [0x000000076ab00000, 0x00000007b0c80000, 0x00000007c0000000)
  eden space 1089024K, 0% used [0x000000076ab00000,0x000000076ab00000,0x00000007ad280000)
  from space 28672K, 0% used [0x00000007af080000,0x00000007af080000,0x00000007b0c80000)
  to   space 29696K, 0% used [0x00000007ad280000,0x00000007ad280000,0x00000007aef80000)
 ParOldGen       total 134656K, used 46451K [0x00000006c0000000, 0x00000006c8380000, 0x000000076ab00000)
  object space 134656K, 34% used [0x00000006c0000000,0x00000006c2d5cc20,0x00000006c8380000)
 Metaspace       used 64003K, capacity 65814K, committed 66176K, reserved 1107968K
  class space    used 7381K, capacity 7743K, committed 7808K, reserved 1048576K
}

Deoptimization events (10 events):
Event: 1858.798 Thread 0x00007fbf470cc000 Uncommon trap: reason=unhandled action=none pc=0x0000000113f54e6c method=java.net.URLClassLoader.findClass(Ljava/lang/String;)Ljava/lang/Class; @ 44
Event: 1858.799 Thread 0x00007fbf470cc000 Uncommon trap: reason=unhandled action=none pc=0x0000000113f54e6c method=java.net.URLClassLoader.findClass(Ljava/lang/String;)Ljava/lang/Class; @ 44
Event: 1858.799 Thread 0x00007fbf470cc000 Uncommon trap: reason=unhandled action=none pc=0x0000000113f54e6c method=java.net.URLClassLoader.findClass(Ljava/lang/String;)Ljava/lang/Class; @ 44
Event: 1858.799 Thread 0x00007fbf470cc000 Uncommon trap: reason=unhandled action=none pc=0x0000000113f54e6c method=java.net.URLClassLoader.findClass(Ljava/lang/String;)Ljava/lang/Class; @ 44
Event: 1858.799 Thread 0x00007fbf470cc000 Uncommon trap: reason=unhandled action=none pc=0x0000000113f54e6c method=java.net.URLClassLoader.findClass(Ljava/lang/String;)Ljava/lang/Class; @ 44
Event: 1858.799 Thread 0x00007fbf470cc000 Uncommon trap: reason=unhandled action=none pc=0x0000000113f54e6c method=java.net.URLClassLoader.findClass(Ljava/lang/String;)Ljava/lang/Class; @ 44
Event: 1858.800 Thread 0x00007fbf470cc000 Uncommon trap: reason=unhandled action=none pc=0x0000000113f54e6c method=java.net.URLClassLoader.findClass(Ljava/lang/String;)Ljava/lang/Class; @ 44
Event: 1984.584 Thread 0x00007fbf47fef000 Uncommon trap: reason=unhandled action=none pc=0x0000000113c4d29c method=java.net.URLClassLoader.findClass(Ljava/lang/String;)Ljava/lang/Class; @ 44
Event: 3073.463 Thread 0x00007fbf4101c800 Uncommon trap: reason=bimorphic action=maybe_recompile pc=0x0000000113d38e48 method=java.util.Hashtable.get(Ljava/lang/Object;)Ljava/lang/Object; @ 45
Event: 3073.463 Thread 0x00007fbf4101c800 Uncommon trap: reason=bimorphic action=maybe_recompile pc=0x0000000113d38e48 method=java.util.Hashtable.get(Ljava/lang/Object;)Ljava/lang/Object; @ 45

Classes redefined (10 events):
Event: 1754.958 Thread 0x00007fbf41009800 redefined class name=com.log.util.EMailService, count=1
Event: 1755.013 Thread 0x00007fbf41009800 redefined class name=com.log.util.EMailService, count=1
Event: 1755.065 Thread 0x00007fbf41009800 redefined class name=com.log.util.EMailService, count=1
Event: 1755.118 Thread 0x00007fbf41009800 redefined class name=com.log.util.EMailService, count=1
Event: 1755.170 Thread 0x00007fbf41009800 redefined class name=com.log.util.EMailService, count=1
Event: 1755.226 Thread 0x00007fbf41009800 redefined class name=com.log.util.EMailService, count=1
Event: 1755.279 Thread 0x00007fbf41009800 redefined class name=com.log.util.EMailService, count=1
Event: 1755.331 Thread 0x00007fbf41009800 redefined class name=com.log.util.EMailService$1, count=1
Event: 1755.391 Thread 0x00007fbf41009800 redefined class name=com.log.util.EMailService, count=1
Event: 1755.445 Thread 0x00007fbf41009800 redefined class name=com.log.util.EMailService, count=1

Internal exceptions (10 events):
Event: 1847.300 Thread 0x00007fbf48330800 Exception <a 'java/lang/ArrayIndexOutOfBoundsException': 85> (0x0000000792c11318) thrown at [/Users/java_re/workspace/8-2-build-macosx-x86_64/jdk8u161/10277/hotspot/src/share/vm/interpreter/interpreterRuntime.cpp, line 366]
Event: 1849.425 Thread 0x00007fbf47ff2800 Exception <a 'java/lang/ArrayIndexOutOfBoundsException': 85> (0x00000007920f9bf0) thrown at [/Users/java_re/workspace/8-2-build-macosx-x86_64/jdk8u161/10277/hotspot/src/share/vm/interpreter/interpreterRuntime.cpp, line 366]
Event: 1854.332 Thread 0x00007fbf470cc000 Exception <a 'java/lang/ArrayIndexOutOfBoundsException': 165> (0x0000000791e9c8a8) thrown at [/Users/java_re/workspace/8-2-build-macosx-x86_64/jdk8u161/10277/hotspot/src/share/vm/interpreter/interpreterRuntime.cpp, line 366]
Event: 1854.340 Thread 0x00007fbf470cc000 Exception <a 'java/io/FileNotFoundException'> (0x0000000791ee18b8) thrown at [/Users/java_re/workspace/8-2-build-macosx-x86_64/jdk8u161/10277/hotspot/src/share/vm/prims/jni.cpp, line 709]
Event: 1854.343 Thread 0x00007fbf470cc000 Exception <a 'java/io/FileNotFoundException'> (0x0000000791f687d0) thrown at [/Users/java_re/workspace/8-2-build-macosx-x86_64/jdk8u161/10277/hotspot/src/share/vm/prims/jni.cpp, line 709]
Event: 1854.344 Thread 0x00007fbf470cc000 Exception <a 'java/io/FileNotFoundException'> (0x0000000791f6ea70) thrown at [/Users/java_re/workspace/8-2-build-macosx-x86_64/jdk8u161/10277/hotspot/src/share/vm/prims/jni.cpp, line 709]
Event: 1854.344 Thread 0x00007fbf470cc000 Exception <a 'java/io/FileNotFoundException'> (0x0000000791f6f930) thrown at [/Users/java_re/workspace/8-2-build-macosx-x86_64/jdk8u161/10277/hotspot/src/share/vm/prims/jni.cpp, line 709]
Event: 1858.749 Thread 0x00007fbf470cc000 Exception <a 'java/lang/ArrayIndexOutOfBoundsException': 4804> (0x00000007938d1b50) thrown at [/Users/java_re/workspace/8-2-build-macosx-x86_64/jdk8u161/10277/hotspot/src/share/vm/interpreter/interpreterRuntime.cpp, line 366]
Event: 1858.750 Thread 0x00007fbf470cc000 Exception <a 'java/security/PrivilegedActionException'> (0x00000007938da3f8) thrown at [/Users/java_re/workspace/8-2-build-macosx-x86_64/jdk8u161/10277/hotspot/src/share/vm/prims/jvm.cpp, line 1390]
Event: 1858.750 Thread 0x00007fbf470cc000 Exception <a 'java/security/PrivilegedActionException'> (0x00000007938dabc0) thrown at [/Users/java_re/workspace/8-2-build-macosx-x86_64/jdk8u161/10277/hotspot/src/share/vm/prims/jvm.cpp, line 1390]

Events (10 events):
Event: 3073.463 Thread 0x00007fbf4101c800 Uncommon trap: trap_request=0xffffffc6 fr.pc=0x0000000113d38e48
Event: 3073.463 Thread 0x00007fbf4101c800 DEOPT PACKING pc=0x0000000113d38e48 sp=0x00007000080d4650
Event: 3073.463 Thread 0x00007fbf4101c800 DEOPT UNPACKING pc=0x000000011345b73a sp=0x00007000080d4610 mode 2
Event: 3073.463 Thread 0x00007fbf4101c800 Uncommon trap: trap_request=0xffffffc6 fr.pc=0x0000000113d38e48
Event: 3073.463 Thread 0x00007fbf4101c800 DEOPT PACKING pc=0x0000000113d38e48 sp=0x00007000080d4650
Event: 3073.463 Thread 0x00007fbf4101c800 DEOPT UNPACKING pc=0x000000011345b73a sp=0x00007000080d4610 mode 2
Event: 3073.463 loading class sun/misc/Signal$1
Event: 3073.468 loading class sun/misc/Signal$1 done
Event: 3073.472 Thread 0x00007fbf3f81a000 Thread added: 0x00007fbf3f81a000
Event: 3073.474 Executing VM operation: ParallelGCFailedAllocation


Dynamic libraries:
0x000000002595b000 	/System/Library/Frameworks/Cocoa.framework/Versions/A/Cocoa
0x000000002595b000 	/System/Library/Frameworks/Security.framework/Versions/A/Security
0x000000002595b000 	/System/Library/Frameworks/ApplicationServices.framework/Versions/A/ApplicationServices
0x000000002595b000 	/usr/lib/libz.1.dylib
0x000000002595b000 	/usr/lib/libSystem.B.dylib
0x000000002595b000 	/usr/lib/libobjc.A.dylib
0x000000002595b000 	/System/Library/Frameworks/CoreFoundation.framework/Versions/A/CoreFoundation
0x000000002595b000 	/System/Library/Frameworks/Foundation.framework/Versions/C/Foundation
0x0000000105ee6000 	/Library/Application Support/Cylance/Desktop/CyMemDef.dylib
0x000000002595b000 	/System/Library/Frameworks/AppKit.framework/Versions/C/AppKit
0x000000002595b000 	/System/Library/Frameworks/CoreData.framework/Versions/A/CoreData
0x000000002595b000 	/System/Library/PrivateFrameworks/RemoteViewServices.framework/Versions/A/RemoteViewServices
0x000000002595b000 	/System/Library/PrivateFrameworks/UIFoundation.framework/Versions/A/UIFoundation
0x000000002595b000 	/System/Library/PrivateFrameworks/DFRFoundation.framework/Versions/A/DFRFoundation
0x000000002595b000 	/usr/lib/libenergytrace.dylib
0x000000002595b000 	/System/Library/PrivateFrameworks/SkyLight.framework/Versions/A/SkyLight
0x000000002595b000 	/System/Library/Frameworks/CoreGraphics.framework/Versions/A/CoreGraphics
0x000000002595b000 	/usr/lib/libScreenReader.dylib
0x000000002595b000 	/System/Library/Frameworks/Accelerate.framework/Versions/A/Accelerate
0x000000002595b000 	/System/Library/Frameworks/IOSurface.framework/Versions/A/IOSurface
0x000000002595b000 	/System/Library/Frameworks/AudioToolbox.framework/Versions/A/AudioToolbox
0x000000002595b000 	/System/Library/Frameworks/AudioUnit.framework/Versions/A/AudioUnit
0x000000002595b000 	/System/Library/PrivateFrameworks/DataDetectorsCore.framework/Versions/A/DataDetectorsCore
0x000000002595b000 	/System/Library/PrivateFrameworks/DesktopServicesPriv.framework/Versions/A/DesktopServicesPriv
0x000000002595b000 	/System/Library/Frameworks/Carbon.framework/Versions/A/Frameworks/HIToolbox.framework/Versions/A/HIToolbox
0x000000002595b000 	/usr/lib/libicucore.A.dylib
0x000000002595b000 	/System/Library/Frameworks/QuartzCore.framework/Versions/A/QuartzCore
0x000000002595b000 	/System/Library/Frameworks/Carbon.framework/Versions/A/Frameworks/SpeechRecognition.framework/Versions/A/SpeechRecognition
0x000000002595b000 	/usr/lib/libauto.dylib
0x000000002595b000 	/usr/lib/libxml2.2.dylib
0x000000002595b000 	/System/Library/PrivateFrameworks/CoreUI.framework/Versions/A/CoreUI
0x000000002595b000 	/System/Library/Frameworks/CoreAudio.framework/Versions/A/CoreAudio
0x000000002595b000 	/System/Library/Frameworks/DiskArbitration.framework/Versions/A/DiskArbitration
0x000000002595b000 	/usr/lib/liblangid.dylib
0x000000002595b000 	/System/Library/PrivateFrameworks/MultitouchSupport.framework/Versions/A/MultitouchSupport
0x000000002595b000 	/System/Library/Frameworks/IOKit.framework/Versions/A/IOKit
0x000000002595b000 	/usr/lib/libDiagnosticMessagesClient.dylib
0x000000002595b000 	/System/Library/Frameworks/CoreServices.framework/Versions/A/CoreServices
0x000000002595b000 	/System/Library/PrivateFrameworks/PerformanceAnalysis.framework/Versions/A/PerformanceAnalysis
0x000000002595b000 	/System/Library/PrivateFrameworks/GenerationalStorage.framework/Versions/A/GenerationalStorage
0x000000002595b000 	/System/Library/Frameworks/OpenGL.framework/Versions/A/OpenGL
0x000000002595b000 	/System/Library/Frameworks/CoreImage.framework/Versions/A/CoreImage
0x000000002595b000 	/System/Library/Frameworks/CoreText.framework/Versions/A/CoreText
0x000000002595b000 	/System/Library/Frameworks/ImageIO.framework/Versions/A/ImageIO
0x000000002595b000 	/System/Library/PrivateFrameworks/Backup.framework/Versions/A/Backup
0x000000002595b000 	/usr/lib/libarchive.2.dylib
0x000000002595b000 	/System/Library/Frameworks/CFNetwork.framework/Versions/A/CFNetwork
0x000000002595b000 	/System/Library/Frameworks/SystemConfiguration.framework/Versions/A/SystemConfiguration
0x000000002595b000 	/usr/lib/libCRFSuite.dylib
0x000000002595b000 	/usr/lib/libc++.1.dylib
0x000000002595b000 	/usr/lib/libc++abi.dylib
0x000000002595b000 	/usr/lib/system/libcache.dylib
0x000000002595b000 	/usr/lib/system/libcommonCrypto.dylib
0x000000002595b000 	/usr/lib/system/libcompiler_rt.dylib
0x000000002595b000 	/usr/lib/system/libcopyfile.dylib
0x000000002595b000 	/usr/lib/system/libcorecrypto.dylib
0x000000002595b000 	/usr/lib/system/libdispatch.dylib
0x000000002595b000 	/usr/lib/system/libdyld.dylib
0x000000002595b000 	/usr/lib/system/libkeymgr.dylib
0x000000002595b000 	/usr/lib/system/liblaunch.dylib
0x000000002595b000 	/usr/lib/system/libmacho.dylib
0x000000002595b000 	/usr/lib/system/libquarantine.dylib
0x000000002595b000 	/usr/lib/system/libremovefile.dylib
0x000000002595b000 	/usr/lib/system/libsystem_asl.dylib
0x000000002595b000 	/usr/lib/system/libsystem_blocks.dylib
0x000000002595b000 	/usr/lib/system/libsystem_c.dylib
0x000000002595b000 	/usr/lib/system/libsystem_configuration.dylib
0x000000002595b000 	/usr/lib/system/libsystem_coreservices.dylib
0x000000002595b000 	/usr/lib/system/libsystem_coretls.dylib
0x000000002595b000 	/usr/lib/system/libsystem_dnssd.dylib
0x000000002595b000 	/usr/lib/system/libsystem_info.dylib
0x000000002595b000 	/usr/lib/system/libsystem_kernel.dylib
0x000000002595b000 	/usr/lib/system/libsystem_m.dylib
0x000000002595b000 	/usr/lib/system/libsystem_malloc.dylib
0x000000002595b000 	/usr/lib/system/libsystem_network.dylib
0x000000002595b000 	/usr/lib/system/libsystem_networkextension.dylib
0x000000002595b000 	/usr/lib/system/libsystem_notify.dylib
0x000000002595b000 	/usr/lib/system/libsystem_platform.dylib
0x000000002595b000 	/usr/lib/system/libsystem_pthread.dylib
0x000000002595b000 	/usr/lib/system/libsystem_sandbox.dylib
0x000000002595b000 	/usr/lib/system/libsystem_secinit.dylib
0x000000002595b000 	/usr/lib/system/libsystem_symptoms.dylib
0x000000002595b000 	/usr/lib/system/libsystem_trace.dylib
0x000000002595b000 	/usr/lib/system/libunwind.dylib
0x000000002595b000 	/usr/lib/system/libxpc.dylib
0x000000002595b000 	/usr/lib/libbsm.0.dylib
0x000000002595b000 	/usr/lib/system/libkxld.dylib
0x000000002595b000 	/usr/lib/libcoretls.dylib
0x000000002595b000 	/usr/lib/libcoretls_cfhelpers.dylib
0x000000002595b000 	/usr/lib/libOpenScriptingUtil.dylib
0x000000002595b000 	/usr/lib/libpam.2.dylib
0x000000002595b000 	/usr/lib/libsqlite3.dylib
0x000000002595b000 	/usr/lib/libxar.1.dylib
0x000000002595b000 	/usr/lib/libbz2.1.0.dylib
0x000000002595b000 	/usr/lib/liblzma.5.dylib
0x000000002595b000 	/usr/lib/libnetwork.dylib
0x000000002595b000 	/usr/lib/libpcap.A.dylib
0x000000002595b000 	/System/Library/Frameworks/CoreServices.framework/Versions/A/Frameworks/FSEvents.framework/Versions/A/FSEvents
0x000000002595b000 	/System/Library/Frameworks/CoreServices.framework/Versions/A/Frameworks/CarbonCore.framework/Versions/A/CarbonCore
0x000000002595b000 	/System/Library/Frameworks/CoreServices.framework/Versions/A/Frameworks/Metadata.framework/Versions/A/Metadata
0x000000002595b000 	/System/Library/Frameworks/CoreServices.framework/Versions/A/Frameworks/OSServices.framework/Versions/A/OSServices
0x000000002595b000 	/System/Library/Frameworks/CoreServices.framework/Versions/A/Frameworks/SearchKit.framework/Versions/A/SearchKit
0x000000002595b000 	/System/Library/Frameworks/CoreServices.framework/Versions/A/Frameworks/AE.framework/Versions/A/AE
0x000000002595b000 	/System/Library/Frameworks/CoreServices.framework/Versions/A/Frameworks/LaunchServices.framework/Versions/A/LaunchServices
0x000000002595b000 	/System/Library/Frameworks/CoreServices.framework/Versions/A/Frameworks/DictionaryServices.framework/Versions/A/DictionaryServices
0x000000002595b000 	/System/Library/Frameworks/CoreServices.framework/Versions/A/Frameworks/SharedFileList.framework/Versions/A/SharedFileList
0x000000002595b000 	/System/Library/Frameworks/NetFS.framework/Versions/A/NetFS
0x000000002595b000 	/System/Library/PrivateFrameworks/NetAuth.framework/Versions/A/NetAuth
0x000000002595b000 	/System/Library/PrivateFrameworks/login.framework/Versions/A/Frameworks/loginsupport.framework/Versions/A/loginsupport
0x000000002595b000 	/System/Library/PrivateFrameworks/TCC.framework/Versions/A/TCC
0x000000002595b000 	/usr/lib/libmecabra.dylib
0x000000002595b000 	/System/Library/Frameworks/ApplicationServices.framework/Versions/A/Frameworks/ATS.framework/Versions/A/ATS
0x000000002595b000 	/System/Library/Frameworks/ApplicationServices.framework/Versions/A/Frameworks/ColorSync.framework/Versions/A/ColorSync
0x000000002595b000 	/System/Library/Frameworks/ApplicationServices.framework/Versions/A/Frameworks/HIServices.framework/Versions/A/HIServices
0x000000002595b000 	/System/Library/Frameworks/ApplicationServices.framework/Versions/A/Frameworks/LangAnalysis.framework/Versions/A/LangAnalysis
0x000000002595b000 	/System/Library/Frameworks/ApplicationServices.framework/Versions/A/Frameworks/PrintCore.framework/Versions/A/PrintCore
0x000000002595b000 	/System/Library/Frameworks/ApplicationServices.framework/Versions/A/Frameworks/QD.framework/Versions/A/QD
0x000000002595b000 	/System/Library/Frameworks/ApplicationServices.framework/Versions/A/Frameworks/SpeechSynthesis.framework/Versions/A/SpeechSynthesis
0x000000002595b000 	/System/Library/Frameworks/Accelerate.framework/Versions/A/Frameworks/vImage.framework/Versions/A/vImage
0x000000002595b000 	/System/Library/Frameworks/Accelerate.framework/Versions/A/Frameworks/vecLib.framework/Versions/A/vecLib
0x000000002595b000 	/System/Library/Frameworks/Accelerate.framework/Versions/A/Frameworks/vecLib.framework/Versions/A/libvDSP.dylib
0x000000002595b000 	/System/Library/Frameworks/Accelerate.framework/Versions/A/Frameworks/vecLib.framework/Versions/A/libBNNS.dylib
0x000000002595b000 	/System/Library/Frameworks/Accelerate.framework/Versions/A/Frameworks/vecLib.framework/Versions/A/libQuadrature.dylib
0x000000002595b000 	/System/Library/Frameworks/Accelerate.framework/Versions/A/Frameworks/vecLib.framework/Versions/A/libvMisc.dylib
0x000000002595b000 	/System/Library/Frameworks/Accelerate.framework/Versions/A/Frameworks/vecLib.framework/Versions/A/libLAPACK.dylib
0x000000002595b000 	/System/Library/Frameworks/Accelerate.framework/Versions/A/Frameworks/vecLib.framework/Versions/A/libBLAS.dylib
0x000000002595b000 	/System/Library/Frameworks/Accelerate.framework/Versions/A/Frameworks/vecLib.framework/Versions/A/libLinearAlgebra.dylib
0x000000002595b000 	/System/Library/Frameworks/Accelerate.framework/Versions/A/Frameworks/vecLib.framework/Versions/A/libSparseBLAS.dylib
0x000000002595b000 	/System/Library/Frameworks/ApplicationServices.framework/Versions/A/Frameworks/ATS.framework/Versions/A/Resources/libFontParser.dylib
0x000000002595b000 	/System/Library/Frameworks/ApplicationServices.framework/Versions/A/Frameworks/ATS.framework/Versions/A/Resources/libFontRegistry.dylib
0x000000002595b000 	/System/Library/Frameworks/ImageIO.framework/Versions/A/Resources/libJPEG.dylib
0x000000002595b000 	/System/Library/Frameworks/ImageIO.framework/Versions/A/Resources/libTIFF.dylib
0x000000002595b000 	/System/Library/Frameworks/ImageIO.framework/Versions/A/Resources/libPng.dylib
0x000000002595b000 	/System/Library/Frameworks/ImageIO.framework/Versions/A/Resources/libGIF.dylib
0x000000002595b000 	/System/Library/Frameworks/ImageIO.framework/Versions/A/Resources/libJP2.dylib
0x000000002595b000 	/System/Library/Frameworks/ImageIO.framework/Versions/A/Resources/libRadiance.dylib
0x000000002595b000 	/usr/lib/libcompression.dylib
0x000000002595b000 	/System/Library/PrivateFrameworks/AppleJPEG.framework/Versions/A/AppleJPEG
0x000000002595b000 	/usr/lib/libcups.2.dylib
0x000000002595b000 	/System/Library/Frameworks/Kerberos.framework/Versions/A/Kerberos
0x000000002595b000 	/System/Library/Frameworks/GSS.framework/Versions/A/GSS
0x000000002595b000 	/usr/lib/libresolv.9.dylib
0x000000002595b000 	/usr/lib/libiconv.2.dylib
0x000000002595b000 	/System/Library/PrivateFrameworks/Heimdal.framework/Versions/A/Heimdal
0x000000002595b000 	/usr/lib/libheimdal-asn1.dylib
0x000000002595b000 	/System/Library/Frameworks/OpenDirectory.framework/Versions/A/OpenDirectory
0x000000002595b000 	/System/Library/PrivateFrameworks/CommonAuth.framework/Versions/A/CommonAuth
0x000000002595b000 	/System/Library/Frameworks/OpenDirectory.framework/Versions/A/Frameworks/CFOpenDirectory.framework/Versions/A/CFOpenDirectory
0x000000002595b000 	/System/Library/Frameworks/SecurityFoundation.framework/Versions/A/SecurityFoundation
0x000000002595b000 	/System/Library/PrivateFrameworks/LanguageModeling.framework/Versions/A/LanguageModeling
0x000000002595b000 	/usr/lib/libmarisa.dylib
0x000000002595b000 	/usr/lib/libChineseTokenizer.dylib
0x000000002595b000 	/usr/lib/libcmph.dylib
0x000000002595b000 	/System/Library/PrivateFrameworks/CoreEmoji.framework/Versions/A/CoreEmoji
0x000000002595b000 	/System/Library/Frameworks/ServiceManagement.framework/Versions/A/ServiceManagement
0x000000002595b000 	/usr/lib/libxslt.1.dylib
0x000000002595b000 	/System/Library/Frameworks/Carbon.framework/Versions/A/Frameworks/Ink.framework/Versions/A/Ink
0x000000002595b000 	/System/Library/PrivateFrameworks/TextureIO.framework/Versions/A/TextureIO
0x000000002595b000 	/System/Library/Frameworks/Metal.framework/Versions/A/Metal
0x000000002595b000 	/usr/lib/libate.dylib
0x000000002595b000 	/System/Library/PrivateFrameworks/GPUCompiler.framework/libmetal_timestamp.dylib
0x000000002595b000 	/System/Library/Frameworks/OpenGL.framework/Versions/A/Libraries/libCoreFSCache.dylib
0x000000002595b000 	/System/Library/PrivateFrameworks/IOAccelerator.framework/Versions/A/IOAccelerator
0x000000002595b000 	/System/Library/Frameworks/CoreVideo.framework/Versions/A/CoreVideo
0x000000002595b000 	/usr/lib/libFosl_dynamic.dylib
0x000000002595b000 	/System/Library/PrivateFrameworks/MetalPerformanceShaders.framework/Versions/A/MetalPerformanceShaders
0x000000002595b000 	/System/Library/PrivateFrameworks/FaceCore.framework/Versions/A/FaceCore
0x000000002595b000 	/System/Library/Frameworks/OpenCL.framework/Versions/A/OpenCL
0x000000002595b000 	/System/Library/Frameworks/OpenGL.framework/Versions/A/Libraries/libGLU.dylib
0x000000002595b000 	/System/Library/Frameworks/OpenGL.framework/Versions/A/Libraries/libGFXShared.dylib
0x000000002595b000 	/System/Library/Frameworks/OpenGL.framework/Versions/A/Libraries/libGL.dylib
0x000000002595b000 	/System/Library/Frameworks/OpenGL.framework/Versions/A/Libraries/libGLImage.dylib
0x000000002595b000 	/System/Library/Frameworks/OpenGL.framework/Versions/A/Libraries/libCVMSPluginSupport.dylib
0x000000002595b000 	/System/Library/Frameworks/OpenGL.framework/Versions/A/Libraries/libCoreVMClient.dylib
0x000000002595b000 	/System/Library/PrivateFrameworks/CrashReporterSupport.framework/Versions/A/CrashReporterSupport
0x000000002595b000 	/System/Library/PrivateFrameworks/Sharing.framework/Versions/A/Sharing
0x000000002595b000 	/System/Library/PrivateFrameworks/IconServices.framework/Versions/A/IconServices
0x000000002595b000 	/System/Library/PrivateFrameworks/ProtocolBuffer.framework/Versions/A/ProtocolBuffer
0x000000002595b000 	/System/Library/PrivateFrameworks/Apple80211.framework/Versions/A/Apple80211
0x000000002595b000 	/System/Library/Frameworks/CoreWLAN.framework/Versions/A/CoreWLAN
0x000000002595b000 	/System/Library/PrivateFrameworks/CoreUtils.framework/Versions/A/CoreUtils
0x000000002595b000 	/System/Library/Frameworks/IOBluetooth.framework/Versions/A/IOBluetooth
0x000000002595b000 	/System/Library/PrivateFrameworks/CoreWiFi.framework/Versions/A/CoreWiFi
0x000000002595b000 	/System/Library/Frameworks/CoreBluetooth.framework/Versions/A/CoreBluetooth
0x000000002595b000 	/System/Library/Frameworks/CoreDisplay.framework/Versions/A/CoreDisplay
0x000000002595b000 	/System/Library/PrivateFrameworks/IOPresentment.framework/Versions/A/IOPresentment
0x000000002595b000 	/System/Library/PrivateFrameworks/DSExternalDisplay.framework/Versions/A/DSExternalDisplay
0x000000002595b000 	/System/Library/PrivateFrameworks/DebugSymbols.framework/Versions/A/DebugSymbols
0x000000002595b000 	/System/Library/PrivateFrameworks/CoreSymbolication.framework/Versions/A/CoreSymbolication
0x000000002595b000 	/System/Library/PrivateFrameworks/Symbolication.framework/Versions/A/Symbolication
0x000000002595b000 	/System/Library/PrivateFrameworks/AppleFSCompression.framework/Versions/A/AppleFSCompression
0x000000002595b000 	/System/Library/PrivateFrameworks/SpeechRecognitionCore.framework/Versions/A/SpeechRecognitionCore
0x000000002595b000 	/System/Library/PrivateFrameworks/ChunkingLibrary.framework/Versions/A/ChunkingLibrary
0x0000000107000000 	/Library/Java/JavaVirtualMachines/jdk1.8.0_161.jdk/Contents/Home/jre/lib/server/libjvm.dylib
0x000000002595b000 	/usr/lib/libstdc++.6.dylib
0x0000000105f84000 	/Library/Java/JavaVirtualMachines/jdk1.8.0_161.jdk/Contents/Home/jre/lib/libverify.dylib
0x0000000105f92000 	/Library/Java/JavaVirtualMachines/jdk1.8.0_161.jdk/Contents/Home/jre/lib/libjava.dylib
0x0000000107fae000 	/Library/Java/JavaVirtualMachines/jdk1.8.0_161.jdk/Contents/Home/jre/lib/libjdwp.dylib
0x0000000105fc9000 	/Library/Java/JavaVirtualMachines/jdk1.8.0_161.jdk/Contents/Home/jre/lib/libnpt.dylib
0x0000000105fd6000 	/Library/Java/JavaVirtualMachines/jdk1.8.0_161.jdk/Contents/Home/jre/lib/libzip.dylib
0x0000000113378000 	/Library/Java/JavaVirtualMachines/jdk1.8.0_161.jdk/Contents/Home/jre/lib/libdt_socket.dylib
0x0000000125092000 	/Library/Java/JavaVirtualMachines/jdk1.8.0_161.jdk/Contents/Home/jre/lib/libmanagement.dylib
0x00000001250a0000 	/Library/Java/JavaVirtualMachines/jdk1.8.0_161.jdk/Contents/Home/jre/lib/libnet.dylib
0x00000001250bc000 	/Library/Java/JavaVirtualMachines/jdk1.8.0_161.jdk/Contents/Home/jre/lib/libnio.dylib
0x0000000124e59000 	/Library/Java/JavaVirtualMachines/jdk1.8.0_161.jdk/Contents/Home/jre/lib/libsunec.dylib

VM Arguments:
jvm_args: -agentlib:jdwp=transport=dt_socket,suspend=y,address=localhost:58862 -Dfile.encoding=UTF-8 
java_command: com.log.application.Application
java_class_path (initial): /Library/Java/JavaVirtualMachines/jdk1.8.0_161.jdk/Contents/Home/jre/lib/resources.jar:/Library/Java/JavaVirtualMachines/jdk1.8.0_161.jdk/Contents/Home/jre/lib/rt.jar:/Library/Java/JavaVirtualMachines/jdk1.8.0_161.jdk/Contents/Home/jre/lib/jsse.jar:/Library/Java/JavaVirtualMachines/jdk1.8.0_161.jdk/Contents/Home/jre/lib/jce.jar:/Library/Java/JavaVirtualMachines/jdk1.8.0_161.jdk/Contents/Home/jre/lib/charsets.jar:/Library/Java/JavaVirtualMachines/jdk1.8.0_161.jdk/Contents/Home/jre/lib/jfr.jar:/Library/Java/JavaVirtualMachines/jdk1.8.0_161.jdk/Contents/Home/jre/lib/ext/cldrdata.jar:/Library/Java/JavaVirtualMachines/jdk1.8.0_161.jdk/Contents/Home/jre/lib/ext/dnsns.jar:/Library/Java/JavaVirtualMachines/jdk1.8.0_161.jdk/Contents/Home/jre/lib/ext/jaccess.jar:/Library/Java/JavaVirtualMachines/jdk1.8.0_161.jdk/Contents/Home/jre/lib/ext/jfxrt.jar:/Library/Java/JavaVirtualMachines/jdk1.8.0_161.jdk/Contents/Home/jre/lib/ext/localedata.jar:/Library/Java/JavaVirtualMachines/jdk1.8.0_161.jdk/Contents/Home/jre/lib/ext/nashorn.jar:/Library/Java/JavaVirtualMachines/jdk1.8.0_161.jdk/Contents/Home/jre/lib/ext/sunec.jar:/Library/Java/JavaVirtualMachines/jdk1.8.0_161.jdk/Contents/Home/jre/lib/ext/sunjce_provider.jar:/Library/Java/JavaVirtualMachines/jdk1.8.0_161.jdk/Contents/Home/jre/lib/ext/sunpkcs11.jar:/Library/Java/JavaVirtualMachines/jdk1.8.0_161.jdk/Contents/Home/jre/lib/ext/zipfs.jar:/System/Library/Java/Extensions/AppleScriptEngine.jar:/System/Library/Java/Extensions/dns_sd.jar:/System/Library/Java/Extensions/j3daudio.jar:/System/Library/Java/Extensions/j3dcore.jar:/System/Library/Java/Extensions/j3dutils.jar:/System/Library/Java/Extensions/jai_codec.jar:/System/Library/Java/Extensions/jai_core.jar:/System/Library/Java/Extensions/mlibwrapper_jai.jar:/System/Library/Java/Extensions/MRJToolkit.jar:/System/Library/Java/Extensions/vecmath.jar:/Users/pumahes/Documents/New_Work/voting/target/classes:/Users/pumahes/.m2/repository/com/sun/mail/javax.mail/1.6
Launcher Type: SUN_STANDARD

Environment Variables:
PATH=/usr/bin:/bin:/usr/sbin:/sbin
SHELL=/bin/bash

Signal Handlers:
SIGSEGV: [libjvm.dylib+0x5b5439], sa_mask[0]=11111111011111110111111111111111, sa_flags=SA_ONSTACK|SA_RESTART|SA_SIGINFO
SIGBUS: [libjvm.dylib+0x5b5439], sa_mask[0]=11111111011111110111111111111111, sa_flags=SA_RESTART|SA_SIGINFO
SIGFPE: [libjvm.dylib+0x48ae24], sa_mask[0]=11111111011111110111111111111111, sa_flags=SA_RESTART|SA_SIGINFO
SIGPIPE: [libjvm.dylib+0x48ae24], sa_mask[0]=11111111011111110111111111111111, sa_flags=SA_RESTART|SA_SIGINFO
SIGXFSZ: [libjvm.dylib+0x48ae24], sa_mask[0]=11111111011111110111111111111111, sa_flags=SA_RESTART|SA_SIGINFO
SIGILL: [libjvm.dylib+0x48ae24], sa_mask[0]=11111111011111110111111111111111, sa_flags=SA_RESTART|SA_SIGINFO
SIGUSR1: SIG_DFL, sa_mask[0]=00000000000000000000000000000000, sa_flags=none
SIGUSR2: [libjvm.dylib+0x48a942], sa_mask[0]=00100000000000000000000000000000, sa_flags=SA_RESTART|SA_SIGINFO
SIGHUP: [libjvm.dylib+0x488f0d], sa_mask[0]=11111111011111110111111111111111, sa_flags=SA_RESTART|SA_SIGINFO
SIGINT: [libjvm.dylib+0x488f0d], sa_mask[0]=11111111011111110111111111111111, sa_flags=SA_RESTART|SA_SIGINFO
SIGTERM: [libjvm.dylib+0x488f0d], sa_mask[0]=11111111011111110111111111111111, sa_flags=SA_RESTART|SA_SIGINFO
SIGQUIT: [libjvm.dylib+0x488f0d], sa_mask[0]=11111111011111110111111111111111, sa_flags=SA_RESTART|SA_SIGINFO


---------------  S Y S T E M  ---------------

OS:Bsduname:Darwin 16.7.0 Darwin Kernel Version 16.7.0: Fri Apr 27 17:59:46 PDT 2018; root:xnu-3789.73.13~1/RELEASE_X86_64 x86_64
rlimit: STACK 8192k, CORE 0k, NPROC 709, NOFILE 10240, AS infinity
load average:5.12 3.88 3.47

CPU:total 8 (initial active 8) (4 cores per cpu, 2 threads per core) family 6 model 70 stepping 1, cmov, cx8, fxsr, mmx, sse, sse2, sse3, ssse3, sse4.1, sse4.2, popcnt, avx, avx2, aes, clmul, erms, lzcnt, ht, tsc, tscinvbit, bmi1, bmi2

Memory: 4k page, physical 16777216k(1253948k free)

/proc/meminfo:


vm_info: Java HotSpot(TM) 64-Bit Server VM (25.161-b12) for bsd-amd64 JRE (1.8.0_161-b12), built on Dec 19 2017 16:22:20 by "java_re" with gcc 4.2.1 (Based on Apple Inc. build 5658) (LLVM build 2336.11.00)

time: Mon Jun 25 10:23:22 2018
elapsed time: 3073 seconds (0d 0h 51m 13s)

